<?xml version="1.0" encoding="UTF-8"?>
<!-- Generated by org.testng.reporters.JUnitXMLReporter -->
<testsuite ignored="0" hostname="DESKTOP-B96ST24" failures="1" tests="1" name="Admin Manage Settings Test" time="0.811" errors="0" timestamp="2022-04-22T15:45:43 IST">
  <testcase classname="tests.Admin_Manage_SettingsTest" name="testUserIsAbleToSelectLanguageFromDefaultLanguageFropdown" time="0.002">
    <failure type="java.lang.NullPointerException" message="Cannot invoke &amp;quot;org.openqa.selenium.TakesScreenshot.getScreenshotAs(org.openqa.selenium.OutputType)&amp;quot; because &amp;quot;scrShot&amp;quot; is null">
      <![CDATA[java.lang.NullPointerException: Cannot invoke "org.openqa.selenium.TakesScreenshot.getScreenshotAs(org.openqa.selenium.OutputType)" because "scrShot" is null
at utility.DriverTestCase.getScreenshot(DriverTestCase.java:162)
at tests.Admin_Manage_SettingsTest.testUserIsAbleToSelectLanguageFromDefaultLanguageFropdown(Admin_Manage_SettingsTest.java:59)
at java.base/java.util.ArrayList.forEach(ArrayList.java:1511)
at java.base/java.util.concurrent.FutureTask.run(FutureTask.java:264)
at java.base/java.util.concurrent.ThreadPoolExecutor.runWorker(ThreadPoolExecutor.java:1136)
at java.base/java.util.concurrent.ThreadPoolExecutor$Worker.run(ThreadPoolExecutor.java:635)
at java.base/java.lang.Thread.run(Thread.java:833)
... Removed 18 stack frames]]>
    </failure>
  </testcase> <!-- testUserIsAbleToSelectLanguageFromDefaultLanguageFropdown -->
</testsuite> <!-- Admin Manage Settings Test -->
