<?xml version="1.0" encoding="UTF-8"?>
<!-- Generated by org.testng.reporters.JUnitXMLReporter -->
<testsuite ignored="18" hostname="DESKTOP-B96ST24" failures="0" tests="0" time="0.003" errors="0" timestamp="2022-04-22T15:45:42 IST">
  <testcase classname="tests.Admin_Manage_EndpointTest" name="testUserAbleToFilterByPublicIPWithContainsCondition" time="0.0">
    <ignored/>
  </testcase> <!-- testUserAbleToFilterByPublicIPWithContainsCondition -->
  <testcase classname="tests.Admin_Manage_EndpointTest" name="testUserAbleToNaviagateEnpointPage" time="0.0">
    <ignored/>
  </testcase> <!-- testUserAbleToNaviagateEnpointPage -->
  <testcase classname="tests.Admin_Manage_EndpointTest" name="testUserAbleToFilterByPublicIPWithStartWithCondition" time="0.0">
    <ignored/>
  </testcase> <!-- testUserAbleToFilterByPublicIPWithStartWithCondition -->
  <testcase classname="tests.Admin_Manage_EndpointTest" name="testUserAbleToFilterByLOcalIPWithEqualsCondition" time="0.0">
    <ignored/>
  </testcase> <!-- testUserAbleToFilterByLOcalIPWithEqualsCondition -->
  <testcase classname="tests.Admin_Manage_EndpointTest" name="testUserAbleToFilterByMachineNameWithEqualsCondition" time="0.0">
    <ignored/>
  </testcase> <!-- testUserAbleToFilterByMachineNameWithEqualsCondition -->
  <testcase classname="tests.Admin_Manage_EndpointTest" name="testUserAbleToFilterByMachineNameWithContainCondition" time="0.0">
    <ignored/>
  </testcase> <!-- testUserAbleToFilterByMachineNameWithContainCondition -->
  <testcase classname="tests.Admin_Manage_EndpointTest" name="testUserAbleToSortMachineListByClickingOnColumnHeaderName" time="0.0">
    <ignored/>
  </testcase> <!-- testUserAbleToSortMachineListByClickingOnColumnHeaderName -->
  <testcase classname="tests.Admin_Manage_EndpointTest" name="testWhenUserClickingOnCancelButtonFilterPouupClosedWithoutFilter" time="0.0">
    <ignored/>
  </testcase> <!-- testWhenUserClickingOnCancelButtonFilterPouupClosedWithoutFilter -->
  <testcase classname="tests.Admin_Manage_EndpointTest" name="testUserAbleToFilterByAliasNameWithStartWithCondition" time="0.0">
    <ignored/>
  </testcase> <!-- testUserAbleToFilterByAliasNameWithStartWithCondition -->
  <testcase classname="tests.Admin_Manage_EndpointTest" name="testAllButtonFilterExportRefreshArePresentonTopLeftCornerOfEndpointPage" time="0.0">
    <ignored/>
  </testcase> <!-- testAllButtonFilterExportRefreshArePresentonTopLeftCornerOfEndpointPage -->
  <testcase classname="tests.Admin_Manage_EndpointTest" name="testUserAbleToFilterByAliasNameWithContainsCondition" time="0.0">
    <ignored/>
  </testcase> <!-- testUserAbleToFilterByAliasNameWithContainsCondition -->
  <testcase classname="tests.Admin_Manage_EndpointTest" name="testUserAbleToFilterByLOcalIPWithContainsCondition" time="0.0">
    <ignored/>
  </testcase> <!-- testUserAbleToFilterByLOcalIPWithContainsCondition -->
  <testcase classname="tests.Admin_Manage_EndpointTest" name="testUserAbleToRefreshPageByClickingOnRefreshButton" time="0.0">
    <ignored/>
  </testcase> <!-- testUserAbleToRefreshPageByClickingOnRefreshButton -->
  <testcase classname="tests.Admin_Manage_EndpointTest" name="testUserAbleToFilterByAliasNameWithEqualCondition" time="0.0">
    <ignored/>
  </testcase> <!-- testUserAbleToFilterByAliasNameWithEqualCondition -->
  <testcase classname="tests.Admin_Manage_EndpointTest" name="testWhenUserClickingOnClearButtonFilterValueResetToDefaultValue" time="0.0">
    <ignored/>
  </testcase> <!-- testWhenUserClickingOnClearButtonFilterValueResetToDefaultValue -->
  <testcase classname="tests.Admin_Manage_EndpointTest" name="testAllColumnHeaderNameShouldBeInDisplayInSameorderOfEndpointPage" time="0.0">
    <ignored/>
  </testcase> <!-- testAllColumnHeaderNameShouldBeInDisplayInSameorderOfEndpointPage -->
  <testcase classname="tests.Admin_Manage_EndpointTest" name="testUserAbleToFilterByPublicIPWithEqualsCondition" time="0.0">
    <ignored/>
  </testcase> <!-- testUserAbleToFilterByPublicIPWithEqualsCondition -->
  <testcase classname="tests.Admin_Manage_EndpointTest" name="testUserAbleToFilterByLOcalIPWithStartWithCondition" time="0.0">
    <ignored/>
  </testcase> <!-- testUserAbleToFilterByLOcalIPWithStartWithCondition -->
</testsuite>
